[INFO] $d m.t.a.App [main] App started
[INFO] $d m.t.a.App [main] App terminated
[INFO] 2022-09-29 20:54:20,739 m.t.a.App [main] App started
[INFO] 2022-09-29 20:54:20,766 m.t.a.App [main] App terminated
[INFO] 2022-09-29 20:57:36,481 m.t.a.App [main] App started
[INFO] 2022-09-29 20:57:36,499 m.t.a.App [main] App terminated
[INFO] 2022-09-29 20:59:11,073 m.t.a.App [main] App started
[ERROR] 2022-09-29 20:59:11,087 m.t.a.App [main] java.lang.RuntimeException: Seconds are wrong!!!lol
[INFO] 2022-09-29 20:59:11,087 m.t.a.App [main] App terminated
[INFO] 2022-09-29 20:59:12,244 m.t.a.App [main] App started
[INFO] 2022-09-29 20:59:12,264 m.t.a.App [main] App terminated
[INFO] 2022-09-29 21:01:28,084 m.t.a.App [main] App started
[INFO] 2022-09-29 21:01:28,099 m.t.a.App [main] App terminated
[INFO] 2022-09-29 21:15:52,264 m.t.a.App [main] App started
[INFO] 2022-09-29 21:15:52,281 m.t.a.App [main] App terminated
[INFO] 2022-09-29 21:16:02,048 m.t.a.App [main] App started
[INFO] 2022-09-29 21:16:02,063 m.t.a.App [main] App terminated
[INFO] 2022-09-29 21:16:07,831 m.t.a.App [main] App started
[INFO] 2022-09-29 21:16:07,831 m.t.a.App [main] App terminated
[INFO] 2022-09-29 21:16:10,593 m.t.a.App [main] App started
[INFO] 2022-09-29 21:16:10,608 m.t.a.App [main] App terminated
[INFO] 2022-09-29 21:16:13,364 m.t.a.App [main] App started
[INFO] 2022-09-29 21:16:13,380 m.t.a.App [main] App terminated
[INFO] 2022-09-29 21:16:16,061 m.t.a.App [main] App started
[INFO] 2022-09-29 21:16:16,076 m.t.a.App [main] App terminated
[INFO] 2022-09-29 21:16:19,009 m.t.a.App [main] App started
[INFO] 2022-09-29 21:16:19,025 m.t.a.App [main] App terminated
[INFO] 2022-09-29 21:16:22,616 m.t.a.App [main] App started
[INFO] 2022-09-29 21:16:22,631 m.t.a.App [main] App terminated
[INFO] 2022-09-29 21:16:26,752 m.t.a.App [main] App started
[INFO] 2022-09-29 21:16:26,762 m.t.a.App [main] App terminated
[INFO] 2022-09-29 21:16:30,595 m.t.a.App [main] App started
[INFO] 2022-09-29 21:16:30,595 m.t.a.App [main] App terminated
[INFO] 2022-09-29 21:16:33,198 m.t.a.App [main] App started
[INFO] 2022-09-29 21:16:33,223 m.t.a.App [main] App terminated
[INFO] 2022-09-29 21:16:43,360 m.t.a.App [main] App started
[ERROR] 2022-09-29 21:16:43,376 m.t.a.App [main] my.testing.app.exceptions.WrongSecondsException: Seconds are wrong!!!lol
[INFO] 2022-09-29 21:16:43,376 m.t.a.App [main] App terminated
[INFO] 2022-10-01 13:27:08,924 m.t.a.App [main] App started
[INFO] 2022-10-01 13:27:08,937 m.t.a.App [main] 5
[INFO] 2022-10-01 13:27:08,937 m.t.a.App [main] Go!
[INFO] 2022-10-01 13:27:08,939 m.t.a.App [main] App terminated
[INFO] 2022-10-01 13:54:18,451 m.t.a.App [main] App started
[INFO] 2022-10-01 13:54:18,460 m.t.a.App [main] Nokia
[INFO] 2022-10-01 13:54:18,460 m.t.a.App [main] Samsung
[INFO] 2022-10-01 13:54:18,460 m.t.a.App [main] App terminated
